2018-04-18 17:14:00.319 [main] DEBUG com.example.o2o.dao.ShopDao.queryByShopId - ==>  Preparing: SELECT s.shop_id, s.shop_name, s.shop_desc, s.shop_addr, s.phone, s.shop_img, s.priority, s.create_time, s.last_edit_time, s.enable_status, s.advice, a.area_id, a.area_name, sc.shop_category_id, sc.shop_category_name FROM tb_shop s, tb_area a, tb_shop_category sc WHERE s.area_id=a.area_id AND s.shop_category_id = sc.shop_category_id AND s.shop_id = ? 
2018-04-18 17:14:00.401 [main] DEBUG com.example.o2o.dao.ShopDao.queryByShopId - ==> Parameters: 21(Long)
2018-04-18 17:14:00.439 [main] DEBUG com.example.o2o.dao.ShopDao.queryByShopId - <==      Total: 1
2018-04-18 17:44:16.277 [main] DEBUG com.example.o2o.dao.ShopDao.queryByShopId - ==>  Preparing: SELECT s.shop_id, s.shop_name, s.shop_desc, s.shop_addr, s.phone, s.shop_img, s.priority, s.create_time, s.last_edit_time, s.enable_status, s.advice, a.area_id, a.area_name, sc.shop_category_id, sc.shop_category_name FROM tb_shop s, tb_area a, tb_shop_category sc WHERE s.area_id=a.area_id AND s.shop_category_id = sc.shop_category_id AND s.shop_id = ? 
2018-04-18 17:44:16.327 [main] DEBUG com.example.o2o.dao.ShopDao.queryByShopId - ==> Parameters: 1(Long)
2018-04-18 17:44:16.351 [main] DEBUG com.example.o2o.dao.ShopDao.queryByShopId - <==      Total: 1
2018-04-18 17:44:16.733 [main] DEBUG com.example.o2o.dao.ShopDao.updateShop - ==>  Preparing: update tb_shop SET shop_name=?, shop_desc=?, shop_img=?, last_edit_time=? where shop_id=? 
2018-04-18 17:44:16.736 [main] DEBUG com.example.o2o.dao.ShopDao.updateShop - ==> Parameters: 修改后的店名(String), 修改后的详情描述(String), upload\item\shop\1\2018041817441682713.jpg(String), 2018-04-18 17:44:16.699(Timestamp), 1(Long)
2018-04-18 17:44:16.771 [main] DEBUG com.example.o2o.dao.ShopDao.updateShop - <==    Updates: 1
2018-04-18 17:44:16.772 [main] DEBUG com.example.o2o.dao.ShopDao.queryByShopId - ==>  Preparing: SELECT s.shop_id, s.shop_name, s.shop_desc, s.shop_addr, s.phone, s.shop_img, s.priority, s.create_time, s.last_edit_time, s.enable_status, s.advice, a.area_id, a.area_name, sc.shop_category_id, sc.shop_category_name FROM tb_shop s, tb_area a, tb_shop_category sc WHERE s.area_id=a.area_id AND s.shop_category_id = sc.shop_category_id AND s.shop_id = ? 
2018-04-18 17:44:16.772 [main] DEBUG com.example.o2o.dao.ShopDao.queryByShopId - ==> Parameters: 1(Long)
2018-04-18 17:44:16.775 [main] DEBUG com.example.o2o.dao.ShopDao.queryByShopId - <==      Total: 1
2018-04-18 21:05:20.309 [main] DEBUG com.example.o2o.dao.ShopDao.queryShopList - ==>  Preparing: SELECT s.shop_id, s.shop_name, s.shop_desc, s.shop_addr, s.phone, s.shop_img, s.priority, s.create_time, s.last_edit_time, s.enable_status, s.advice, a.area_id, a.area_name, sc.shop_category_id, sc.shop_category_name FROM tb_shop s, tb_area a, tb_shop_category sc WHERE s.owner_id = ? AND s.area_id=a.area_id AND s.shop_category_id = sc.shop_category_id ORDER BY s.priority DESC LIMIT ?,? 
2018-04-18 21:05:20.363 [main] DEBUG com.example.o2o.dao.ShopDao.queryShopList - ==> Parameters: 1(Long), 0(Integer), 3(Integer)
2018-04-18 21:05:20.398 [main] DEBUG com.example.o2o.dao.ShopDao.queryShopList - <==      Total: 3
2018-04-18 21:05:20.405 [main] DEBUG com.example.o2o.dao.ShopDao.queryShopCount - ==>  Preparing: SELECT count(1) FROM tb_shop s, tb_area a, tb_shop_category sc WHERE s.owner_id = ? AND s.area_id=a.area_id AND s.shop_category_id = sc.shop_category_id 
2018-04-18 21:05:20.406 [main] DEBUG com.example.o2o.dao.ShopDao.queryShopCount - ==> Parameters: 1(Long)
2018-04-18 21:05:20.411 [main] DEBUG com.example.o2o.dao.ShopDao.queryShopCount - <==      Total: 1
2018-04-18 21:05:20.412 [main] DEBUG com.example.o2o.dao.ShopDao.queryShopList - ==>  Preparing: SELECT s.shop_id, s.shop_name, s.shop_desc, s.shop_addr, s.phone, s.shop_img, s.priority, s.create_time, s.last_edit_time, s.enable_status, s.advice, a.area_id, a.area_name, sc.shop_category_id, sc.shop_category_name FROM tb_shop s, tb_area a, tb_shop_category sc WHERE s.shop_category_id = ? and s.owner_id = ? AND s.area_id=a.area_id AND s.shop_category_id = sc.shop_category_id ORDER BY s.priority DESC LIMIT ?,? 
2018-04-18 21:05:20.413 [main] DEBUG com.example.o2o.dao.ShopDao.queryShopList - ==> Parameters: 18(Long), 1(Long), 0(Integer), 2(Integer)
2018-04-18 21:05:20.415 [main] DEBUG com.example.o2o.dao.ShopDao.queryShopList - <==      Total: 0
2018-04-18 21:05:20.417 [main] DEBUG com.example.o2o.dao.ShopDao.queryShopCount - ==>  Preparing: SELECT count(1) FROM tb_shop s, tb_area a, tb_shop_category sc WHERE s.shop_category_id = ? and s.owner_id = ? AND s.area_id=a.area_id AND s.shop_category_id = sc.shop_category_id 
2018-04-18 21:05:20.418 [main] DEBUG com.example.o2o.dao.ShopDao.queryShopCount - ==> Parameters: 18(Long), 1(Long)
2018-04-18 21:05:20.419 [main] DEBUG com.example.o2o.dao.ShopDao.queryShopCount - <==      Total: 1
2018-04-18 21:21:49.651 [main] DEBUG com.example.o2o.dao.ShopDao.queryShopList - ==>  Preparing: SELECT s.shop_id, s.shop_name, s.shop_desc, s.shop_addr, s.phone, s.shop_img, s.priority, s.create_time, s.last_edit_time, s.enable_status, s.advice, a.area_id, a.area_name, sc.shop_category_id, sc.shop_category_name FROM tb_shop s, tb_area a, tb_shop_category sc WHERE s.shop_category_id = ? and s.owner_id = ? AND s.area_id=a.area_id AND s.shop_category_id = sc.shop_category_id ORDER BY s.priority DESC LIMIT ?,? 
2018-04-18 21:21:49.682 [main] DEBUG com.example.o2o.dao.ShopDao.queryShopList - ==> Parameters: 1(Long), 9(Long), 3(Integer), 3(Integer)
2018-04-18 21:21:49.703 [main] DEBUG com.example.o2o.dao.ShopDao.queryShopList - <==      Total: 0
2018-04-18 21:21:49.711 [main] DEBUG com.example.o2o.dao.ShopDao.queryShopCount - ==>  Preparing: SELECT count(1) FROM tb_shop s, tb_area a, tb_shop_category sc WHERE s.shop_category_id = ? and s.owner_id = ? AND s.area_id=a.area_id AND s.shop_category_id = sc.shop_category_id 
2018-04-18 21:21:49.711 [main] DEBUG com.example.o2o.dao.ShopDao.queryShopCount - ==> Parameters: 1(Long), 9(Long)
2018-04-18 21:21:49.713 [main] DEBUG com.example.o2o.dao.ShopDao.queryShopCount - <==      Total: 1
2018-04-18 21:22:14.102 [main] DEBUG com.example.o2o.dao.ShopDao.queryShopList - ==>  Preparing: SELECT s.shop_id, s.shop_name, s.shop_desc, s.shop_addr, s.phone, s.shop_img, s.priority, s.create_time, s.last_edit_time, s.enable_status, s.advice, a.area_id, a.area_name, sc.shop_category_id, sc.shop_category_name FROM tb_shop s, tb_area a, tb_shop_category sc WHERE s.shop_category_id = ? and s.owner_id = ? AND s.area_id=a.area_id AND s.shop_category_id = sc.shop_category_id ORDER BY s.priority DESC LIMIT ?,? 
2018-04-18 21:22:14.143 [main] DEBUG com.example.o2o.dao.ShopDao.queryShopList - ==> Parameters: 1(Long), 9(Long), 0(Integer), 3(Integer)
2018-04-18 21:22:14.160 [main] DEBUG com.example.o2o.dao.ShopDao.queryShopList - <==      Total: 0
2018-04-18 21:22:14.169 [main] DEBUG com.example.o2o.dao.ShopDao.queryShopCount - ==>  Preparing: SELECT count(1) FROM tb_shop s, tb_area a, tb_shop_category sc WHERE s.shop_category_id = ? and s.owner_id = ? AND s.area_id=a.area_id AND s.shop_category_id = sc.shop_category_id 
2018-04-18 21:22:14.169 [main] DEBUG com.example.o2o.dao.ShopDao.queryShopCount - ==> Parameters: 1(Long), 9(Long)
2018-04-18 21:22:14.171 [main] DEBUG com.example.o2o.dao.ShopDao.queryShopCount - <==      Total: 1
2018-04-18 21:22:39.971 [main] DEBUG com.example.o2o.dao.ShopDao.queryShopList - ==>  Preparing: SELECT s.shop_id, s.shop_name, s.shop_desc, s.shop_addr, s.phone, s.shop_img, s.priority, s.create_time, s.last_edit_time, s.enable_status, s.advice, a.area_id, a.area_name, sc.shop_category_id, sc.shop_category_name FROM tb_shop s, tb_area a, tb_shop_category sc WHERE s.shop_category_id = ? and s.owner_id = ? AND s.area_id=a.area_id AND s.shop_category_id = sc.shop_category_id ORDER BY s.priority DESC LIMIT ?,? 
2018-04-18 21:22:40.014 [main] DEBUG com.example.o2o.dao.ShopDao.queryShopList - ==> Parameters: 1(Long), 9(Long), 0(Integer), 3(Integer)
2018-04-18 21:22:40.035 [main] DEBUG com.example.o2o.dao.ShopDao.queryShopList - <==      Total: 0
2018-04-18 21:22:40.042 [main] DEBUG com.example.o2o.dao.ShopDao.queryShopCount - ==>  Preparing: SELECT count(1) FROM tb_shop s, tb_area a, tb_shop_category sc WHERE s.shop_category_id = ? and s.owner_id = ? AND s.area_id=a.area_id AND s.shop_category_id = sc.shop_category_id 
2018-04-18 21:22:40.043 [main] DEBUG com.example.o2o.dao.ShopDao.queryShopCount - ==> Parameters: 1(Long), 9(Long)
2018-04-18 21:22:40.045 [main] DEBUG com.example.o2o.dao.ShopDao.queryShopCount - <==      Total: 1
2018-04-18 21:22:59.585 [main] DEBUG com.example.o2o.dao.ShopDao.queryShopList - ==>  Preparing: SELECT s.shop_id, s.shop_name, s.shop_desc, s.shop_addr, s.phone, s.shop_img, s.priority, s.create_time, s.last_edit_time, s.enable_status, s.advice, a.area_id, a.area_name, sc.shop_category_id, sc.shop_category_name FROM tb_shop s, tb_area a, tb_shop_category sc WHERE s.shop_category_id = ? and s.owner_id = ? AND s.area_id=a.area_id AND s.shop_category_id = sc.shop_category_id ORDER BY s.priority DESC LIMIT ?,? 
2018-04-18 21:22:59.631 [main] DEBUG com.example.o2o.dao.ShopDao.queryShopList - ==> Parameters: 1(Long), 1(Long), 0(Integer), 2(Integer)
2018-04-18 21:22:59.657 [main] DEBUG com.example.o2o.dao.ShopDao.queryShopList - <==      Total: 2
2018-04-18 21:22:59.664 [main] DEBUG com.example.o2o.dao.ShopDao.queryShopCount - ==>  Preparing: SELECT count(1) FROM tb_shop s, tb_area a, tb_shop_category sc WHERE s.shop_category_id = ? and s.owner_id = ? AND s.area_id=a.area_id AND s.shop_category_id = sc.shop_category_id 
2018-04-18 21:22:59.664 [main] DEBUG com.example.o2o.dao.ShopDao.queryShopCount - ==> Parameters: 1(Long), 1(Long)
2018-04-18 21:22:59.665 [main] DEBUG com.example.o2o.dao.ShopDao.queryShopCount - <==      Total: 1
